[Message:   BepInEx] BepInEx 5.4.19.0 - Seum (05.11.2025 15:37:18)
[Info   :   BepInEx] Running under Unity v2018.3.7.10360018
[Info   :   BepInEx] CLR runtime version: 4.0.30319.17020
[Info   :   BepInEx] Supports SRE: False
[Info   :   BepInEx] System platform: Bits64, Windows
[Message:   BepInEx] Preloader started
[Info   :   BepInEx] Loaded 1 patcher method from [BepInEx.Preloader 5.4.19.0]
[Info   :   BepInEx] 1 patcher plugin loaded
[Info   :   BepInEx] Patching [UnityEngine.CoreModule] with [BepInEx.Chainloader]
[Message:   BepInEx] Preloader finished
[Message:   BepInEx] Chainloader ready
[Message:   BepInEx] Chainloader started
[Info   :   BepInEx] 1 plugins to load
[Warning:   BepInEx] Plugin [SEUM Multiplayer 0.3.0] targets a wrong version of BepInEx (5.4.20.0) and might not work until you update
[Info   :   BepInEx] Loading [SEUM Multiplayer 0.3.0]
[Info   :SEUM Multiplayer] === SEUM Multiplayer v0.3 Loading ===
[Info   :SEUM Multiplayer] Harmony patches applied successfully.
[Info   :SEUM Multiplayer] [MP] MultiplayerManager created
[Info   :SEUM Multiplayer] [JOIN] Early join handler ready
[Info   :SEUM Multiplayer] === SEUM Multiplayer Ready ===
[Info   :SEUM Multiplayer] Use MULTIPLAYER button in Main Menu or ESC menu
[Message:   BepInEx] Chainloader startup complete
[Info   :SEUM Multiplayer] [ELO-MM] Auth ticket ready (240 bytes)
[Info   :SEUM Multiplayer] [ELO-MM] Joining ranked lobby: 109775241015481676
[Info   :SEUM Multiplayer] [NET] Transport initialized (P2P). IsHost=False
[Info   :SEUM Multiplayer] [LOBBY] Joining lobby: 109775241015481676
[Info   :SEUM Multiplayer] [LOBBY] Joined lobby! Host: NatiaRone
[Info   :SEUM Multiplayer] [ELO-MM] Joined ranked lobby!
[Info   :SEUM Multiplayer] [NET] Connecting to NatiaRone...
[Info   :SEUM Multiplayer] [MP] Peer connected: NatiaRone
[Info   :SEUM Multiplayer] [MP] Ping from NatiaRone
[Info   :SEUM Multiplayer] [MP] Ping from NatiaRone
[Info   :SEUM Multiplayer] [RACE] Received: level=76 mutator=0 workshop=False wsId=0 name=
[Info   :SEUM Multiplayer] [RACE] Loading: level=76 mutator=0 workshop=False wsId=0
[Info   :SEUM Multiplayer] [MP] Pong from NatiaRone
[Info   :SEUM Multiplayer] [MP] Pong from NatiaRone
[Info   :SEUM Multiplayer] [MP] Scene loaded: Game
[Info   :SEUM Multiplayer] [RACE] Scene loaded, level=76
[Info   :SEUM Multiplayer] [RACE] Restart blocked during countdown
[Info   :SEUM Multiplayer] [MP] Ranked HUD trim: toggling 1 vanilla Hud bool field(s).
[Info   :SEUM Multiplayer] [RACE] GO!
[Info   :SEUM Multiplayer] [RACE] Auto-started.
[Info   :SEUM Multiplayer] [MP] NatiaRone finished in 6,202s
[Info   :SEUM Multiplayer] [MP] Sent finish: 6,202s
[Info   :SEUM Multiplayer] [SAFETY] Blocked leaderboard submit
[Info   :SEUM Multiplayer] [MP] NatiaRone finished in 6,202s
[Info   :SEUM Multiplayer] [SAFETY] Blocked leaderboard submit
[Info   :SEUM Multiplayer] [MP] Sent finish: 6,202s
[Info   :SEUM Multiplayer] [SAFETY] Blocked leaderboard submit
[Info   :SEUM Multiplayer] [MP] NatiaRone finished in 6,202s
[Info   :SEUM Multiplayer] [MP] Sent finish: 6,202s
[Info   :SEUM Multiplayer] [SAFETY] Blocked leaderboard submit
[Info   :SEUM Multiplayer] [RACE] Ranked: times within 100ms — +20s overtime.
[Info   :SEUM Multiplayer] [MP] NatiaRone finished in 6,202s
[Info   :SEUM Multiplayer] [MP] Sent finish: 6,202s
[Info   :SEUM Multiplayer] [SAFETY] Blocked leaderboard submit
[Info   :SEUM Multiplayer] [SAFETY] Blocked leaderboard submit
[Info   :SEUM Multiplayer] [ELO-MM] Round 1 is a DRAW (Times: 6,2019)
[Info   :SEUM Multiplayer] [RACE] Received: level=58 mutator=0 workshop=False wsId=0 name=
[Info   :SEUM Multiplayer] [RACE] Loading: level=58 mutator=0 workshop=False wsId=0
[Info   :SEUM Multiplayer] [RACE] GO!
[Info   :SEUM Multiplayer] [RACE] Auto-started.
[Info   :SEUM Multiplayer] [MP] NatiaRone finished in 11,597s
[Info   :SEUM Multiplayer] [MP] Sent finish: 11,587s
[Info   :SEUM Multiplayer] [SAFETY] Blocked leaderboard submit
[Info   :SEUM Multiplayer] [SAFETY] Blocked leaderboard submit
[Info   :SEUM Multiplayer] [RACE] Ranked: times within 100ms — +20s overtime.
[Info   :SEUM Multiplayer] [SAFETY] Blocked leaderboard submit
[Info   :SEUM Multiplayer] [ELO-MM] Round 2 winner: 76561198970707736
[Info   :SEUM Multiplayer] [RACE] Received: level=63 mutator=0 workshop=False wsId=0 name=
[Info   :SEUM Multiplayer] [RACE] Loading: level=63 mutator=0 workshop=False wsId=0
[Info   :SEUM Multiplayer] [RACE] GO!
[Info   :SEUM Multiplayer] [RACE] Auto-started.
[Info   :SEUM Multiplayer] [MP] NatiaRone finished in 7,513s
[Info   :SEUM Multiplayer] [MP] Sent finish: 7,374s
[Info   :SEUM Multiplayer] [SAFETY] Blocked leaderboard submit
[Info   :SEUM Multiplayer] [MP] NatiaRone finished in 7,376s
[Info   :SEUM Multiplayer] [RACE] Ranked: times within 100ms — +20s overtime.
[Info   :SEUM Multiplayer] [SAFETY] Blocked leaderboard submit
[Info   :SEUM Multiplayer] [SAFETY] Blocked leaderboard submit
[Info   :SEUM Multiplayer] [ELO-MM] Round 3 winner: 76561198970707736
[Info   :SEUM Multiplayer] [LOBBY] NatiaRone left the lobby
[Info   :SEUM Multiplayer] [MP] Member left: NatiaRone
[Info   :SEUM Multiplayer] [LOBBY] Host changed to: faustian bargain IsHost=True
[Info   :SEUM Multiplayer] [MP] After leave: IsHost=True PlayerId=0
[Info   :SEUM Multiplayer] [ELO-MM] Match result display ended — leaving lobby.
[Info   :SEUM Multiplayer] [LOBBY] Leaving lobby
[Info   :SEUM Multiplayer] [MP] Disconnecting...
[Info   :SEUM Multiplayer] [NET] Shutting down...
